
*** Running vivado
    with args -log axis_broadcaster_1.vds -m64 -product Vivado -mode batch -messageDb vivado.pb -notrace -source axis_broadcaster_1.tcl


****** Vivado v2016.4 (64-bit)
  **** SW Build 1756540 on Mon Jan 23 19:11:23 MST 2017
  **** IP Build 1755317 on Mon Jan 23 20:30:07 MST 2017
    ** Copyright 1986-2016 Xilinx, Inc. All Rights Reserved.

source axis_broadcaster_1.tcl -notrace
Starting RTL Elaboration : Time (s): cpu = 00:00:05 ; elapsed = 00:00:11 . Memory (MB): peak = 295.438 ; gain = 85.301
INFO: [Synth 8-638] synthesizing module 'axis_broadcaster_1' [c:/IVA/Research/multi_stream_cusum_anomaly_detector/multi_stream_cusum_anomaly_detector.srcs/sources_1/ip/axis_broadcaster_1/synth/axis_broadcaster_1.v:57]
INFO: [Synth 8-638] synthesizing module 'top_axis_broadcaster_1' [c:/IVA/Research/multi_stream_cusum_anomaly_detector/multi_stream_cusum_anomaly_detector.srcs/sources_1/ip/axis_broadcaster_1/hdl/top_axis_broadcaster_1.v:60]
INFO: [Synth 8-638] synthesizing module 'axis_broadcaster_v1_1_11_core' [c:/IVA/Research/multi_stream_cusum_anomaly_detector/multi_stream_cusum_anomaly_detector.srcs/sources_1/ip/axis_broadcaster_1/hdl/axis_broadcaster_v1_1_vl_rfs.v:59]
INFO: [Synth 8-638] synthesizing module 'axis_infrastructure_v1_1_0_util_vector2axis' [c:/IVA/Research/multi_stream_cusum_anomaly_detector/multi_stream_cusum_anomaly_detector.srcs/sources_1/ip/axis_broadcaster_1/hdl/axis_infrastructure_v1_1_vl_rfs.v:992]
INFO: [Synth 8-256] done synthesizing module 'axis_infrastructure_v1_1_0_util_vector2axis' (1#1) [c:/IVA/Research/multi_stream_cusum_anomaly_detector/multi_stream_cusum_anomaly_detector.srcs/sources_1/ip/axis_broadcaster_1/hdl/axis_infrastructure_v1_1_vl_rfs.v:992]
INFO: [Synth 8-638] synthesizing module 'axis_infrastructure_v1_1_0_util_axis2vector' [c:/IVA/Research/multi_stream_cusum_anomaly_detector/multi_stream_cusum_anomaly_detector.srcs/sources_1/ip/axis_broadcaster_1/hdl/axis_infrastructure_v1_1_vl_rfs.v:810]
INFO: [Synth 8-256] done synthesizing module 'axis_infrastructure_v1_1_0_util_axis2vector' (2#1) [c:/IVA/Research/multi_stream_cusum_anomaly_detector/multi_stream_cusum_anomaly_detector.srcs/sources_1/ip/axis_broadcaster_1/hdl/axis_infrastructure_v1_1_vl_rfs.v:810]
INFO: [Synth 8-256] done synthesizing module 'axis_broadcaster_v1_1_11_core' (3#1) [c:/IVA/Research/multi_stream_cusum_anomaly_detector/multi_stream_cusum_anomaly_detector.srcs/sources_1/ip/axis_broadcaster_1/hdl/axis_broadcaster_v1_1_vl_rfs.v:59]
INFO: [Synth 8-638] synthesizing module 'tdata_axis_broadcaster_1' [c:/IVA/Research/multi_stream_cusum_anomaly_detector/multi_stream_cusum_anomaly_detector.srcs/sources_1/ip/axis_broadcaster_1/hdl/tdata_axis_broadcaster_1.v:49]
INFO: [Synth 8-256] done synthesizing module 'tdata_axis_broadcaster_1' (4#1) [c:/IVA/Research/multi_stream_cusum_anomaly_detector/multi_stream_cusum_anomaly_detector.srcs/sources_1/ip/axis_broadcaster_1/hdl/tdata_axis_broadcaster_1.v:49]
INFO: [Synth 8-638] synthesizing module 'tuser_axis_broadcaster_1' [c:/IVA/Research/multi_stream_cusum_anomaly_detector/multi_stream_cusum_anomaly_detector.srcs/sources_1/ip/axis_broadcaster_1/hdl/tuser_axis_broadcaster_1.v:49]
INFO: [Synth 8-256] done synthesizing module 'tuser_axis_broadcaster_1' (5#1) [c:/IVA/Research/multi_stream_cusum_anomaly_detector/multi_stream_cusum_anomaly_detector.srcs/sources_1/ip/axis_broadcaster_1/hdl/tuser_axis_broadcaster_1.v:49]
INFO: [Synth 8-256] done synthesizing module 'top_axis_broadcaster_1' (6#1) [c:/IVA/Research/multi_stream_cusum_anomaly_detector/multi_stream_cusum_anomaly_detector.srcs/sources_1/ip/axis_broadcaster_1/hdl/top_axis_broadcaster_1.v:60]
INFO: [Synth 8-256] done synthesizing module 'axis_broadcaster_1' (7#1) [c:/IVA/Research/multi_stream_cusum_anomaly_detector/multi_stream_cusum_anomaly_detector.srcs/sources_1/ip/axis_broadcaster_1/synth/axis_broadcaster_1.v:57]
Finished RTL Elaboration : Time (s): cpu = 00:00:06 ; elapsed = 00:00:13 . Memory (MB): peak = 332.941 ; gain = 122.805
Finished RTL Optimization Phase 1 : Time (s): cpu = 00:00:06 ; elapsed = 00:00:13 . Memory (MB): peak = 332.941 ; gain = 122.805
INFO: [Device 21-403] Loading part xc7a35tcpg236-1
Constraint Validation Runtime : Time (s): cpu = 00:00:00 ; elapsed = 00:00:00.372 . Memory (MB): peak = 582.758 ; gain = 0.000
Finished Constraint Validation : Time (s): cpu = 00:00:13 ; elapsed = 00:00:22 . Memory (MB): peak = 582.758 ; gain = 372.621
Finished Loading Part and Timing Information : Time (s): cpu = 00:00:13 ; elapsed = 00:00:22 . Memory (MB): peak = 582.758 ; gain = 372.621
Finished applying 'set_property' XDC Constraints : Time (s): cpu = 00:00:13 ; elapsed = 00:00:22 . Memory (MB): peak = 582.758 ; gain = 372.621
Finished RTL Optimization Phase 2 : Time (s): cpu = 00:00:13 ; elapsed = 00:00:22 . Memory (MB): peak = 582.758 ; gain = 372.621
Finished Cross Boundary and Area Optimization : Time (s): cpu = 00:00:13 ; elapsed = 00:00:23 . Memory (MB): peak = 582.758 ; gain = 372.621
Finished Applying XDC Timing Constraints : Time (s): cpu = 00:00:21 ; elapsed = 00:00:30 . Memory (MB): peak = 582.758 ; gain = 372.621
Finished Timing Optimization : Time (s): cpu = 00:00:21 ; elapsed = 00:00:30 . Memory (MB): peak = 589.727 ; gain = 379.590
Finished Technology Mapping : Time (s): cpu = 00:00:21 ; elapsed = 00:00:30 . Memory (MB): peak = 599.445 ; gain = 389.309
Finished IO Insertion : Time (s): cpu = 00:00:21 ; elapsed = 00:00:31 . Memory (MB): peak = 599.445 ; gain = 389.309
Finished Renaming Generated Instances : Time (s): cpu = 00:00:21 ; elapsed = 00:00:31 . Memory (MB): peak = 599.445 ; gain = 389.309
Finished Rebuilding User Hierarchy : Time (s): cpu = 00:00:21 ; elapsed = 00:00:31 . Memory (MB): peak = 599.445 ; gain = 389.309
Finished Renaming Generated Ports : Time (s): cpu = 00:00:21 ; elapsed = 00:00:31 . Memory (MB): peak = 599.445 ; gain = 389.309
Finished Handling Custom Attributes : Time (s): cpu = 00:00:21 ; elapsed = 00:00:31 . Memory (MB): peak = 599.445 ; gain = 389.309
Finished Renaming Generated Nets : Time (s): cpu = 00:00:21 ; elapsed = 00:00:31 . Memory (MB): peak = 599.445 ; gain = 389.309

Report Cell Usage: 
+------+-----+------+
|      |Cell |Count |
+------+-----+------+
|1     |LUT2 |     1|
|2     |LUT3 |     3|
|3     |LUT6 |     4|
|4     |FDRE |     3|
+------+-----+------+
Finished Writing Synthesis Report : Time (s): cpu = 00:00:21 ; elapsed = 00:00:31 . Memory (MB): peak = 599.445 ; gain = 389.309
synth_design: Time (s): cpu = 00:00:21 ; elapsed = 00:00:25 . Memory (MB): peak = 615.105 ; gain = 399.820
