
*** Running vivado
    with args -log axis_combiner_2.vds -m64 -product Vivado -mode batch -messageDb vivado.pb -notrace -source axis_combiner_2.tcl


****** Vivado v2016.4 (64-bit)
  **** SW Build 1756540 on Mon Jan 23 19:11:23 MST 2017
  **** IP Build 1755317 on Mon Jan 23 20:30:07 MST 2017
    ** Copyright 1986-2016 Xilinx, Inc. All Rights Reserved.

source axis_combiner_2.tcl -notrace
Starting RTL Elaboration : Time (s): cpu = 00:00:05 ; elapsed = 00:00:08 . Memory (MB): peak = 296.070 ; gain = 86.289
INFO: [Synth 8-638] synthesizing module 'axis_combiner_2' [c:/IVA/Research/multi_stream_cusum_anomaly_detector/multi_stream_cusum_anomaly_detector.srcs/sources_1/ip/axis_combiner_2/synth/axis_combiner_2.v:57]
INFO: [Synth 8-638] synthesizing module 'axis_combiner_v1_1_10_top' [c:/IVA/Research/multi_stream_cusum_anomaly_detector/multi_stream_cusum_anomaly_detector.srcs/sources_1/ip/axis_combiner_2/hdl/axis_combiner_v1_1_vl_rfs.v:56]
INFO: [Synth 8-638] synthesizing module 'axis_infrastructure_v1_1_0_util_axis2vector' [c:/IVA/Research/multi_stream_cusum_anomaly_detector/multi_stream_cusum_anomaly_detector.srcs/sources_1/ip/axis_combiner_2/hdl/axis_infrastructure_v1_1_vl_rfs.v:810]
INFO: [Synth 8-256] done synthesizing module 'axis_infrastructure_v1_1_0_util_axis2vector' (1#1) [c:/IVA/Research/multi_stream_cusum_anomaly_detector/multi_stream_cusum_anomaly_detector.srcs/sources_1/ip/axis_combiner_2/hdl/axis_infrastructure_v1_1_vl_rfs.v:810]
INFO: [Synth 8-638] synthesizing module 'axis_infrastructure_v1_1_0_util_vector2axis' [c:/IVA/Research/multi_stream_cusum_anomaly_detector/multi_stream_cusum_anomaly_detector.srcs/sources_1/ip/axis_combiner_2/hdl/axis_infrastructure_v1_1_vl_rfs.v:992]
INFO: [Synth 8-256] done synthesizing module 'axis_infrastructure_v1_1_0_util_vector2axis' (2#1) [c:/IVA/Research/multi_stream_cusum_anomaly_detector/multi_stream_cusum_anomaly_detector.srcs/sources_1/ip/axis_combiner_2/hdl/axis_infrastructure_v1_1_vl_rfs.v:992]
INFO: [Synth 8-256] done synthesizing module 'axis_combiner_v1_1_10_top' (3#1) [c:/IVA/Research/multi_stream_cusum_anomaly_detector/multi_stream_cusum_anomaly_detector.srcs/sources_1/ip/axis_combiner_2/hdl/axis_combiner_v1_1_vl_rfs.v:56]
INFO: [Synth 8-256] done synthesizing module 'axis_combiner_2' (4#1) [c:/IVA/Research/multi_stream_cusum_anomaly_detector/multi_stream_cusum_anomaly_detector.srcs/sources_1/ip/axis_combiner_2/synth/axis_combiner_2.v:57]
Finished RTL Elaboration : Time (s): cpu = 00:00:07 ; elapsed = 00:00:10 . Memory (MB): peak = 333.445 ; gain = 123.664
Finished RTL Optimization Phase 1 : Time (s): cpu = 00:00:07 ; elapsed = 00:00:10 . Memory (MB): peak = 333.445 ; gain = 123.664
INFO: [Device 21-403] Loading part xc7a35tcpg236-1
Constraint Validation Runtime : Time (s): cpu = 00:00:00 ; elapsed = 00:00:00.421 . Memory (MB): peak = 582.336 ; gain = 0.000
Finished Constraint Validation : Time (s): cpu = 00:00:26 ; elapsed = 00:00:33 . Memory (MB): peak = 582.336 ; gain = 372.555
Finished Loading Part and Timing Information : Time (s): cpu = 00:00:26 ; elapsed = 00:00:33 . Memory (MB): peak = 582.336 ; gain = 372.555
Finished applying 'set_property' XDC Constraints : Time (s): cpu = 00:00:26 ; elapsed = 00:00:33 . Memory (MB): peak = 582.336 ; gain = 372.555
Finished RTL Optimization Phase 2 : Time (s): cpu = 00:00:26 ; elapsed = 00:00:33 . Memory (MB): peak = 582.336 ; gain = 372.555
Finished Cross Boundary and Area Optimization : Time (s): cpu = 00:00:27 ; elapsed = 00:00:35 . Memory (MB): peak = 582.336 ; gain = 372.555
Finished Applying XDC Timing Constraints : Time (s): cpu = 00:00:40 ; elapsed = 00:00:47 . Memory (MB): peak = 582.336 ; gain = 372.555
Finished Timing Optimization : Time (s): cpu = 00:00:40 ; elapsed = 00:00:48 . Memory (MB): peak = 590.918 ; gain = 381.137
Finished Technology Mapping : Time (s): cpu = 00:00:40 ; elapsed = 00:00:48 . Memory (MB): peak = 599.063 ; gain = 389.281
Finished IO Insertion : Time (s): cpu = 00:00:40 ; elapsed = 00:00:48 . Memory (MB): peak = 599.063 ; gain = 389.281
Finished Renaming Generated Instances : Time (s): cpu = 00:00:40 ; elapsed = 00:00:48 . Memory (MB): peak = 599.063 ; gain = 389.281
Finished Rebuilding User Hierarchy : Time (s): cpu = 00:00:40 ; elapsed = 00:00:48 . Memory (MB): peak = 599.063 ; gain = 389.281
Finished Renaming Generated Ports : Time (s): cpu = 00:00:40 ; elapsed = 00:00:48 . Memory (MB): peak = 599.063 ; gain = 389.281
Finished Handling Custom Attributes : Time (s): cpu = 00:00:40 ; elapsed = 00:00:48 . Memory (MB): peak = 599.063 ; gain = 389.281
Finished Renaming Generated Nets : Time (s): cpu = 00:00:40 ; elapsed = 00:00:48 . Memory (MB): peak = 599.063 ; gain = 389.281

Report Cell Usage: 
+------+-----+------+
|      |Cell |Count |
+------+-----+------+
|1     |LUT3 |     3|
|2     |LUT5 |     1|
|3     |LUT6 |     1|
|4     |FDRE |     2|
+------+-----+------+
Finished Writing Synthesis Report : Time (s): cpu = 00:00:40 ; elapsed = 00:00:48 . Memory (MB): peak = 599.063 ; gain = 389.281
synth_design: Time (s): cpu = 00:00:40 ; elapsed = 00:00:46 . Memory (MB): peak = 614.418 ; gain = 398.625
