
*** Running vivado
    with args -log fp_adder_subtracter.vds -m64 -product Vivado -mode batch -messageDb vivado.pb -notrace -source fp_adder_subtracter.tcl


****** Vivado v2016.4 (64-bit)
  **** SW Build 1756540 on Mon Jan 23 19:11:23 MST 2017
  **** IP Build 1755317 on Mon Jan 23 20:30:07 MST 2017
    ** Copyright 1986-2016 Xilinx, Inc. All Rights Reserved.

source fp_adder_subtracter.tcl -notrace
Starting RTL Elaboration : Time (s): cpu = 00:00:04 ; elapsed = 00:00:05 . Memory (MB): peak = 294.359 ; gain = 84.496
INFO: [Synth 8-638] synthesizing module 'fp_adder_subtracter' [c:/IVA/Research/multi_stream_cusum_anomaly_detector/multi_stream_cusum_anomaly_detector.srcs/sources_1/ip/fp_adder_subtracter/synth/fp_adder_subtracter.vhd:77]
INFO: [Synth 8-256] done synthesizing module 'fp_adder_subtracter' (19#1) [c:/IVA/Research/multi_stream_cusum_anomaly_detector/multi_stream_cusum_anomaly_detector.srcs/sources_1/ip/fp_adder_subtracter/synth/fp_adder_subtracter.vhd:77]
Finished RTL Elaboration : Time (s): cpu = 00:00:06 ; elapsed = 00:00:08 . Memory (MB): peak = 380.387 ; gain = 170.523
Finished RTL Optimization Phase 1 : Time (s): cpu = 00:00:06 ; elapsed = 00:00:08 . Memory (MB): peak = 380.387 ; gain = 170.523
INFO: [Device 21-403] Loading part xc7a35tcpg236-1
Constraint Validation Runtime : Time (s): cpu = 00:00:00 ; elapsed = 00:00:00.024 . Memory (MB): peak = 557.813 ; gain = 0.031
Finished Constraint Validation : Time (s): cpu = 00:00:11 ; elapsed = 00:00:13 . Memory (MB): peak = 557.813 ; gain = 347.949
Finished Loading Part and Timing Information : Time (s): cpu = 00:00:11 ; elapsed = 00:00:13 . Memory (MB): peak = 557.813 ; gain = 347.949
Finished applying 'set_property' XDC Constraints : Time (s): cpu = 00:00:11 ; elapsed = 00:00:13 . Memory (MB): peak = 557.813 ; gain = 347.949
Finished RTL Optimization Phase 2 : Time (s): cpu = 00:00:12 ; elapsed = 00:00:14 . Memory (MB): peak = 557.813 ; gain = 347.949
Finished Cross Boundary and Area Optimization : Time (s): cpu = 00:00:13 ; elapsed = 00:00:15 . Memory (MB): peak = 557.813 ; gain = 347.949
Finished Applying XDC Timing Constraints : Time (s): cpu = 00:00:21 ; elapsed = 00:00:23 . Memory (MB): peak = 626.996 ; gain = 417.133
Finished Timing Optimization : Time (s): cpu = 00:00:21 ; elapsed = 00:00:23 . Memory (MB): peak = 637.695 ; gain = 427.832
Finished Technology Mapping : Time (s): cpu = 00:00:21 ; elapsed = 00:00:24 . Memory (MB): peak = 649.352 ; gain = 439.488
Finished IO Insertion : Time (s): cpu = 00:00:21 ; elapsed = 00:00:24 . Memory (MB): peak = 649.352 ; gain = 439.488
Finished Renaming Generated Instances : Time (s): cpu = 00:00:21 ; elapsed = 00:00:24 . Memory (MB): peak = 649.352 ; gain = 439.488
Finished Rebuilding User Hierarchy : Time (s): cpu = 00:00:21 ; elapsed = 00:00:24 . Memory (MB): peak = 649.352 ; gain = 439.488
Finished Renaming Generated Ports : Time (s): cpu = 00:00:21 ; elapsed = 00:00:24 . Memory (MB): peak = 649.352 ; gain = 439.488
Finished Handling Custom Attributes : Time (s): cpu = 00:00:21 ; elapsed = 00:00:24 . Memory (MB): peak = 649.352 ; gain = 439.488
Finished Renaming Generated Nets : Time (s): cpu = 00:00:21 ; elapsed = 00:00:24 . Memory (MB): peak = 649.352 ; gain = 439.488

Report Cell Usage: 
+------+----------+------+
|      |Cell      |Count |
+------+----------+------+
|1     |CARRY4    |     3|
|2     |DSP48E1   |     1|
|3     |DSP48E1_1 |     1|
|4     |LUT1      |     4|
|5     |LUT2      |    23|
|6     |LUT3      |   143|
|7     |LUT4      |    60|
|8     |LUT5      |    55|
|9     |LUT6      |    41|
|10    |MUXCY     |    58|
|11    |SRL16E    |    13|
|12    |XORCY     |    17|
|13    |FDE       |    12|
|14    |FDRE      |   443|
+------+----------+------+
Finished Writing Synthesis Report : Time (s): cpu = 00:00:21 ; elapsed = 00:00:24 . Memory (MB): peak = 649.352 ; gain = 439.488
synth_design: Time (s): cpu = 00:00:21 ; elapsed = 00:00:23 . Memory (MB): peak = 649.352 ; gain = 434.340
