
*** Running vivado
    with args -log axis_combiner_0.vds -m64 -product Vivado -mode batch -messageDb vivado.pb -notrace -source axis_combiner_0.tcl


****** Vivado v2016.4 (64-bit)
  **** SW Build 1756540 on Mon Jan 23 19:11:23 MST 2017
  **** IP Build 1755317 on Mon Jan 23 20:30:07 MST 2017
    ** Copyright 1986-2016 Xilinx, Inc. All Rights Reserved.

source axis_combiner_0.tcl -notrace
Starting RTL Elaboration : Time (s): cpu = 00:00:04 ; elapsed = 00:00:04 . Memory (MB): peak = 295.879 ; gain = 85.512
INFO: [Synth 8-638] synthesizing module 'axis_combiner_0' [c:/IVA/Research/multi_stream_cusum_anomaly_detector/multi_stream_cusum_anomaly_detector.srcs/sources_1/ip/axis_combiner_0/synth/axis_combiner_0.v:57]
INFO: [Synth 8-638] synthesizing module 'axis_combiner_v1_1_10_top' [c:/IVA/Research/multi_stream_cusum_anomaly_detector/multi_stream_cusum_anomaly_detector.srcs/sources_1/ip/axis_combiner_0/hdl/axis_combiner_v1_1_vl_rfs.v:56]
INFO: [Synth 8-638] synthesizing module 'axis_infrastructure_v1_1_0_util_axis2vector' [c:/IVA/Research/multi_stream_cusum_anomaly_detector/multi_stream_cusum_anomaly_detector.srcs/sources_1/ip/axis_combiner_0/hdl/axis_infrastructure_v1_1_vl_rfs.v:810]
INFO: [Synth 8-256] done synthesizing module 'axis_infrastructure_v1_1_0_util_axis2vector' (1#1) [c:/IVA/Research/multi_stream_cusum_anomaly_detector/multi_stream_cusum_anomaly_detector.srcs/sources_1/ip/axis_combiner_0/hdl/axis_infrastructure_v1_1_vl_rfs.v:810]
INFO: [Synth 8-638] synthesizing module 'axis_infrastructure_v1_1_0_util_vector2axis' [c:/IVA/Research/multi_stream_cusum_anomaly_detector/multi_stream_cusum_anomaly_detector.srcs/sources_1/ip/axis_combiner_0/hdl/axis_infrastructure_v1_1_vl_rfs.v:992]
INFO: [Synth 8-256] done synthesizing module 'axis_infrastructure_v1_1_0_util_vector2axis' (2#1) [c:/IVA/Research/multi_stream_cusum_anomaly_detector/multi_stream_cusum_anomaly_detector.srcs/sources_1/ip/axis_combiner_0/hdl/axis_infrastructure_v1_1_vl_rfs.v:992]
INFO: [Synth 8-256] done synthesizing module 'axis_combiner_v1_1_10_top' (3#1) [c:/IVA/Research/multi_stream_cusum_anomaly_detector/multi_stream_cusum_anomaly_detector.srcs/sources_1/ip/axis_combiner_0/hdl/axis_combiner_v1_1_vl_rfs.v:56]
INFO: [Synth 8-256] done synthesizing module 'axis_combiner_0' (4#1) [c:/IVA/Research/multi_stream_cusum_anomaly_detector/multi_stream_cusum_anomaly_detector.srcs/sources_1/ip/axis_combiner_0/synth/axis_combiner_0.v:57]
Finished RTL Elaboration : Time (s): cpu = 00:00:04 ; elapsed = 00:00:05 . Memory (MB): peak = 333.211 ; gain = 122.844
Finished RTL Optimization Phase 1 : Time (s): cpu = 00:00:04 ; elapsed = 00:00:05 . Memory (MB): peak = 333.211 ; gain = 122.844
INFO: [Device 21-403] Loading part xc7a35tcpg236-1
Constraint Validation Runtime : Time (s): cpu = 00:00:00 ; elapsed = 00:00:00.014 . Memory (MB): peak = 581.410 ; gain = 0.000
Finished Constraint Validation : Time (s): cpu = 00:00:09 ; elapsed = 00:00:10 . Memory (MB): peak = 581.410 ; gain = 371.043
Finished Loading Part and Timing Information : Time (s): cpu = 00:00:09 ; elapsed = 00:00:10 . Memory (MB): peak = 581.410 ; gain = 371.043
Finished applying 'set_property' XDC Constraints : Time (s): cpu = 00:00:09 ; elapsed = 00:00:10 . Memory (MB): peak = 581.410 ; gain = 371.043
Finished RTL Optimization Phase 2 : Time (s): cpu = 00:00:09 ; elapsed = 00:00:10 . Memory (MB): peak = 581.410 ; gain = 371.043
Finished Cross Boundary and Area Optimization : Time (s): cpu = 00:00:09 ; elapsed = 00:00:10 . Memory (MB): peak = 581.410 ; gain = 371.043
Finished Applying XDC Timing Constraints : Time (s): cpu = 00:00:15 ; elapsed = 00:00:16 . Memory (MB): peak = 581.410 ; gain = 371.043
Finished Timing Optimization : Time (s): cpu = 00:00:15 ; elapsed = 00:00:16 . Memory (MB): peak = 588.672 ; gain = 378.305
Finished Technology Mapping : Time (s): cpu = 00:00:15 ; elapsed = 00:00:16 . Memory (MB): peak = 598.383 ; gain = 388.016
Finished IO Insertion : Time (s): cpu = 00:00:15 ; elapsed = 00:00:16 . Memory (MB): peak = 598.383 ; gain = 388.016
Finished Renaming Generated Instances : Time (s): cpu = 00:00:15 ; elapsed = 00:00:16 . Memory (MB): peak = 598.383 ; gain = 388.016
Finished Rebuilding User Hierarchy : Time (s): cpu = 00:00:15 ; elapsed = 00:00:16 . Memory (MB): peak = 598.383 ; gain = 388.016
Finished Renaming Generated Ports : Time (s): cpu = 00:00:15 ; elapsed = 00:00:16 . Memory (MB): peak = 598.383 ; gain = 388.016
Finished Handling Custom Attributes : Time (s): cpu = 00:00:15 ; elapsed = 00:00:16 . Memory (MB): peak = 598.383 ; gain = 388.016
Finished Renaming Generated Nets : Time (s): cpu = 00:00:15 ; elapsed = 00:00:16 . Memory (MB): peak = 598.383 ; gain = 388.016

Report Cell Usage: 
+------+-----+------+
|      |Cell |Count |
+------+-----+------+
|1     |LUT3 |     2|
|2     |LUT4 |     1|
|3     |LUT5 |     1|
|4     |FDRE |     2|
+------+-----+------+
Finished Writing Synthesis Report : Time (s): cpu = 00:00:15 ; elapsed = 00:00:16 . Memory (MB): peak = 598.383 ; gain = 388.016
synth_design: Time (s): cpu = 00:00:14 ; elapsed = 00:00:14 . Memory (MB): peak = 614.031 ; gain = 398.523
