INFO: [VRFC 10-2263] Analyzing Verilog file "C:/IVA/Research/multi_stream_cusum_anomaly_detector/multi_stream_cusum_anomaly_detector.srcs/sources_1/ip/fifo32x16/sim/fifo32x16.v" into library xil_defaultlib
INFO: [VRFC 10-311] analyzing module fifo32x16
INFO: [VRFC 10-2263] Analyzing Verilog file "C:/IVA/Research/multi_stream_cusum_anomaly_detector/multi_stream_cusum_anomaly_detector.srcs/sources_1/ip/axis_combiner_0/sim/axis_combiner_0.v" into library xil_defaultlib
INFO: [VRFC 10-311] analyzing module axis_combiner_0
INFO: [VRFC 10-2263] Analyzing Verilog file "C:/IVA/Research/multi_stream_cusum_anomaly_detector/multi_stream_cusum_anomaly_detector.srcs/sources_1/ip/axis_broadcaster_0/hdl/tdata_axis_broadcaster_0.v" into library xil_defaultlib
INFO: [VRFC 10-311] analyzing module tdata_axis_broadcaster_0
INFO: [VRFC 10-2263] Analyzing Verilog file "C:/IVA/Research/multi_stream_cusum_anomaly_detector/multi_stream_cusum_anomaly_detector.srcs/sources_1/ip/axis_broadcaster_0/hdl/tuser_axis_broadcaster_0.v" into library xil_defaultlib
INFO: [VRFC 10-311] analyzing module tuser_axis_broadcaster_0
INFO: [VRFC 10-2263] Analyzing Verilog file "C:/IVA/Research/multi_stream_cusum_anomaly_detector/multi_stream_cusum_anomaly_detector.srcs/sources_1/ip/axis_broadcaster_0/hdl/top_axis_broadcaster_0.v" into library xil_defaultlib
INFO: [VRFC 10-311] analyzing module top_axis_broadcaster_0
INFO: [VRFC 10-2263] Analyzing Verilog file "C:/IVA/Research/multi_stream_cusum_anomaly_detector/multi_stream_cusum_anomaly_detector.srcs/sources_1/ip/axis_broadcaster_0/sim/axis_broadcaster_0.v" into library xil_defaultlib
INFO: [VRFC 10-311] analyzing module axis_broadcaster_0
INFO: [VRFC 10-2263] Analyzing Verilog file "C:/IVA/Research/multi_stream_cusum_anomaly_detector/multi_stream_cusum_anomaly_detector.srcs/sources_1/ip/fifo64x16/sim/fifo64x16.v" into library xil_defaultlib
INFO: [VRFC 10-311] analyzing module fifo64x16
INFO: [VRFC 10-2263] Analyzing Verilog file "C:/IVA/Research/multi_stream_cusum_anomaly_detector/multi_stream_cusum_anomaly_detector.sim/sim_1/behav/glbl.v" into library xil_defaultlib
INFO: [VRFC 10-311] analyzing module glbl
INFO: [VRFC 10-163] Analyzing VHDL file "C:/IVA/Research/multi_stream_cusum_anomaly_detector/multi_stream_cusum_anomaly_detector.srcs/sources_1/ip/fp_greater_than/sim/fp_greater_than.vhd" into library xil_defaultlib
INFO: [VRFC 10-307] analyzing entity fp_greater_than
INFO: [VRFC 10-163] Analyzing VHDL file "C:/IVA/Research/multi_stream_cusum_anomaly_detector/multi_stream_cusum_anomaly_detector.srcs/sources_1/ip/fp_adder_subtracter/sim/fp_adder_subtracter.vhd" into library xil_defaultlib
INFO: [VRFC 10-307] analyzing entity fp_adder_subtracter
INFO: [VRFC 10-163] Analyzing VHDL file "C:/IVA/Research/multi_stream_cusum_anomaly_detector/multi_stream_cusum_anomaly_detector.srcs/sources_1/new/multi_stream_threshold_exceeding_detector.vhd" into library xil_defaultlib
INFO: [VRFC 10-307] analyzing entity multi_stream_threshold_exceeding_detector
INFO: [VRFC 10-163] Analyzing VHDL file "C:/IVA/Research/multi_stream_cusum_anomaly_detector/multi_stream_cusum_anomaly_detector.srcs/sources_1/new/multi_stream_fp_max.vhd" into library xil_defaultlib
INFO: [VRFC 10-307] analyzing entity multi_stream_fp_max
INFO: [VRFC 10-163] Analyzing VHDL file "C:/IVA/Research/multi_stream_cusum_anomaly_detector/multi_stream_cusum_anomaly_detector.srcs/sources_1/new/multi_stream_fp_adder_subtractor.vhd" into library xil_defaultlib
INFO: [VRFC 10-307] analyzing entity multi_stream_fp_adder_subtractor
INFO: [VRFC 10-163] Analyzing VHDL file "C:/IVA/Research/multi_stream_cusum_anomaly_detector/multi_stream_cusum_anomaly_detector.srcs/sources_1/new/multi_stream_cusum_detector.vhd" into library xil_defaultlib
INFO: [VRFC 10-307] analyzing entity multi_stream_cusum_detector
INFO: [VRFC 10-163] Analyzing VHDL file "C:/IVA/Research/multi_stream_cusum_anomaly_detector/multi_stream_cusum_anomaly_detector.srcs/sources_1/new/testbench_multi_stream_cusum_detector.vhd" into library xil_defaultlib
INFO: [VRFC 10-307] analyzing entity testbench_multi_stream_cusum_detector
